<?xml version="1.0" encoding="UTF-8"?>
<!-- Generated by org.testng.reporters.JUnitXMLReporter -->
<testsuite ignored="0" hostname="LTIN188780" failures="0" tests="5" name="Default test" time="42.629" errors="0" timestamp="2024-03-01T10:21:13 IST">
  <testcase classname="Main_TestNG.SmokeTesting" name="car_Loan" time="3.21"/>
  <testcase classname="Main_TestNG.SmokeTesting" name="home_Loan" time="2.623"/>
  <testcase classname="Main_TestNG.SmokeTesting" name="Loan_cal1" time="2.418"/>
  <testcase classname="Main_TestNG.SmokeTesting" name="Loan_cal2" time="0.378"/>
  <testcase classname="Main_TestNG.SmokeTesting" name="Loan_cal3" time="0.396"/>
</testsuite> <!-- Default test -->
