<?xml version="1.0" encoding="UTF-8"?>
<!-- Generated by org.testng.reporters.JUnitXMLReporter -->
<testsuite ignored="7" hostname="LTIN188780" failures="0" tests="5" name="Test" time="24.696" errors="0" timestamp="2024-03-04T17:45:01 IST">
  <testcase classname="Main_TestNG.TestingMethods" name="Car_Loan" time="0.181"/>
  <testcase classname="Main_TestNG.TestingMethods" name="home_Loan" time="1.622"/>
  <testcase classname="Main_TestNG.TestingMethods" name="Loan_cal1" time="0.973"/>
  <testcase classname="Main_TestNG.TestingMethods" name="Loan_cal2" time="0.193"/>
  <testcase classname="Main_TestNG.TestingMethods" name="Loan_cal3" time="0.128"/>
  <testcase classname="Main_TestNG.TestingMethods" name="testLogo" time="0.0">
    <ignored/>
  </testcase> <!-- testLogo -->
  <testcase classname="Main_TestNG.TestingMethods" name="Car_Loan_Details" time="0.0">
    <ignored/>
  </testcase> <!-- Car_Loan_Details -->
  <testcase classname="Main_TestNG.TestingMethods" name="EMI_Calculation" time="0.0">
    <ignored/>
  </testcase> <!-- EMI_Calculation -->
  <testcase classname="Main_TestNG.TestingMethods" name="Calc1" time="0.0">
    <ignored/>
  </testcase> <!-- Calc1 -->
  <testcase classname="Main_TestNG.TestingMethods" name="Home_page" time="0.0">
    <ignored/>
  </testcase> <!-- Home_page -->
  <testcase classname="Main_TestNG.TestingMethods" name="Calc3" time="0.0">
    <ignored/>
  </testcase> <!-- Calc3 -->
  <testcase classname="Main_TestNG.TestingMethods" name="Calc2" time="0.0">
    <ignored/>
  </testcase> <!-- Calc2 -->
</testsuite> <!-- Test -->
