<?xml version="1.0" encoding="UTF-8"?>
<testng-results ignored="0" total="5" passed="5" failed="0" skipped="0">
  <reporter-output>
  </reporter-output>
  <suite started-at="2024-03-01T10:20:30 IST" name="Default suite" finished-at="2024-03-01T10:21:13 IST" duration-ms="42629">
    <groups>
    </groups>
    <test started-at="2024-03-01T10:20:30 IST" name="Default test" finished-at="2024-03-01T10:21:13 IST" duration-ms="42629">
      <class name="Main_TestNG.SmokeTesting">
        <test-method is-config="true" signature="setup()[pri:0, instance:Main_TestNG.SmokeTesting@20140db9]" started-at="2024-03-01T10:20:30 IST" name="setup" finished-at="2024-03-01T10:20:59 IST" duration-ms="28555" status="PASS">
          <reporter-output>
          </reporter-output>
        </test-method> <!-- setup -->
        <test-method signature="car_Loan()[pri:1, instance:Main_TestNG.SmokeTesting@20140db9]" started-at="2024-03-01T10:20:59 IST" name="car_Loan" finished-at="2024-03-01T10:21:02 IST" duration-ms="3210" status="PASS">
          <reporter-output>
          </reporter-output>
        </test-method> <!-- car_Loan -->
        <test-method signature="home_Loan()[pri:2, instance:Main_TestNG.SmokeTesting@20140db9]" started-at="2024-03-01T10:21:02 IST" name="home_Loan" finished-at="2024-03-01T10:21:04 IST" duration-ms="2623" status="PASS">
          <reporter-output>
          </reporter-output>
        </test-method> <!-- home_Loan -->
        <test-method signature="Loan_cal1()[pri:3, instance:Main_TestNG.SmokeTesting@20140db9]" started-at="2024-03-01T10:21:04 IST" name="Loan_cal1" finished-at="2024-03-01T10:21:07 IST" duration-ms="2418" status="PASS">
          <reporter-output>
          </reporter-output>
        </test-method> <!-- Loan_cal1 -->
        <test-method signature="Loan_cal2()[pri:4, instance:Main_TestNG.SmokeTesting@20140db9]" started-at="2024-03-01T10:21:07 IST" name="Loan_cal2" finished-at="2024-03-01T10:21:07 IST" duration-ms="378" status="PASS">
          <reporter-output>
          </reporter-output>
        </test-method> <!-- Loan_cal2 -->
        <test-method signature="Loan_cal3()[pri:5, instance:Main_TestNG.SmokeTesting@20140db9]" started-at="2024-03-01T10:21:07 IST" name="Loan_cal3" finished-at="2024-03-01T10:21:08 IST" duration-ms="396" status="PASS">
          <reporter-output>
          </reporter-output>
        </test-method> <!-- Loan_cal3 -->
        <test-method is-config="true" signature="close()[pri:0, instance:Main_TestNG.SmokeTesting@20140db9]" started-at="2024-03-01T10:21:08 IST" name="close" finished-at="2024-03-01T10:21:13 IST" duration-ms="4900" status="PASS">
          <reporter-output>
          </reporter-output>
        </test-method> <!-- close -->
      </class> <!-- Main_TestNG.SmokeTesting -->
    </test> <!-- Default test -->
  </suite> <!-- Default suite -->
</testng-results>
