<?xml version="1.0" encoding="UTF-8"?>
<testng-results ignored="7" total="15" passed="8" failed="0" skipped="0">
  <reporter-output>
  </reporter-output>
  <suite started-at="2024-03-05T14:46:26 IST" name="Suite" finished-at="2024-03-05T14:49:27 IST" duration-ms="180919">
    <groups>
      <group name="SmokeTesting">
        <method signature="TestingMethods.Car_Loan()[pri:2, instance:Main_TestNG.TestingMethods@298a5e20]" name="Car_Loan" class="Main_TestNG.TestingMethods"/>
        <method signature="TestingMethods.Loan_cal1()[pri:7, instance:Main_TestNG.TestingMethods@298a5e20]" name="Loan_cal1" class="Main_TestNG.TestingMethods"/>
        <method signature="TestingMethods.Loan_cal2()[pri:9, instance:Main_TestNG.TestingMethods@298a5e20]" name="Loan_cal2" class="Main_TestNG.TestingMethods"/>
        <method signature="TestingMethods.Loan_cal3()[pri:11, instance:Main_TestNG.TestingMethods@298a5e20]" name="Loan_cal3" class="Main_TestNG.TestingMethods"/>
        <method signature="TestingMethods.home_Loan()[pri:5, instance:Main_TestNG.TestingMethods@298a5e20]" name="home_Loan" class="Main_TestNG.TestingMethods"/>
      </group> <!-- SmokeTesting -->
      <group name="cucumber">
        <method signature="AbstractTestNGCucumberTests.runScenario(io.cucumber.testng.PickleWrapper,io.cucumber.testng.FeatureWrapper)[pri:0, instance:Cucumber_Tests.testRunners@7ae0a9ec]" name="runScenario" class="io.cucumber.testng.AbstractTestNGCucumberTests"/>
      </group> <!-- cucumber -->
      <group name="RegressionTesting">
        <method signature="TestingMethods.Car_Loan()[pri:2, instance:Main_TestNG.TestingMethods@298a5e20]" name="Car_Loan" class="Main_TestNG.TestingMethods"/>
        <method signature="TestingMethods.Loan_cal1()[pri:7, instance:Main_TestNG.TestingMethods@298a5e20]" name="Loan_cal1" class="Main_TestNG.TestingMethods"/>
        <method signature="TestingMethods.Loan_cal2()[pri:9, instance:Main_TestNG.TestingMethods@298a5e20]" name="Loan_cal2" class="Main_TestNG.TestingMethods"/>
        <method signature="TestingMethods.Loan_cal3()[pri:11, instance:Main_TestNG.TestingMethods@298a5e20]" name="Loan_cal3" class="Main_TestNG.TestingMethods"/>
        <method signature="TestingMethods.home_Loan()[pri:5, instance:Main_TestNG.TestingMethods@298a5e20]" name="home_Loan" class="Main_TestNG.TestingMethods"/>
      </group> <!-- RegressionTesting -->
    </groups>
    <test started-at="2024-03-05T14:46:26 IST" name="EdgeTest" finished-at="2024-03-05T14:46:56 IST" duration-ms="30572">
      <class name="Main_TestNG.TestingMethods">
        <test-method is-config="true" signature="setup(java.lang.String)[pri:0, instance:Main_TestNG.TestingMethods@298a5e20]" started-at="2024-03-05T14:46:26 IST" name="setup" finished-at="2024-03-05T14:46:49 IST" duration-ms="22926" status="PASS">
          <params>
            <param index="0">
              <value>
                <![CDATA[edge]]>
              </value>
            </param>
          </params>
          <reporter-output>
          </reporter-output>
        </test-method> <!-- setup -->
        <test-method signature="Car_Loan()[pri:2, instance:Main_TestNG.TestingMethods@298a5e20]" started-at="2024-03-05T14:46:49 IST" name="Car_Loan" finished-at="2024-03-05T14:46:49 IST" duration-ms="290" status="PASS">
          <reporter-output>
          </reporter-output>
        </test-method> <!-- Car_Loan -->
        <test-method signature="home_Loan()[pri:5, instance:Main_TestNG.TestingMethods@298a5e20]" started-at="2024-03-05T14:46:50 IST" name="home_Loan" finished-at="2024-03-05T14:46:53 IST" duration-ms="2559" status="PASS">
          <reporter-output>
          </reporter-output>
        </test-method> <!-- home_Loan -->
        <test-method signature="Loan_cal1()[pri:7, instance:Main_TestNG.TestingMethods@298a5e20]" started-at="2024-03-05T14:46:53 IST" name="Loan_cal1" finished-at="2024-03-05T14:46:55 IST" duration-ms="1344" status="PASS">
          <reporter-output>
          </reporter-output>
        </test-method> <!-- Loan_cal1 -->
        <test-method signature="Loan_cal2()[pri:9, instance:Main_TestNG.TestingMethods@298a5e20]" started-at="2024-03-05T14:46:55 IST" name="Loan_cal2" finished-at="2024-03-05T14:46:55 IST" duration-ms="138" status="PASS">
          <reporter-output>
          </reporter-output>
        </test-method> <!-- Loan_cal2 -->
        <test-method signature="Loan_cal3()[pri:11, instance:Main_TestNG.TestingMethods@298a5e20]" started-at="2024-03-05T14:46:55 IST" name="Loan_cal3" finished-at="2024-03-05T14:46:55 IST" duration-ms="130" status="PASS">
          <reporter-output>
          </reporter-output>
        </test-method> <!-- Loan_cal3 -->
        <test-method is-config="true" signature="close_b()[pri:0, instance:Main_TestNG.TestingMethods@298a5e20]" started-at="2024-03-05T14:46:56 IST" name="close_b" finished-at="2024-03-05T14:46:56 IST" duration-ms="386" status="PASS">
          <reporter-output>
          </reporter-output>
        </test-method> <!-- close_b -->
      </class> <!-- Main_TestNG.TestingMethods -->
    </test> <!-- EdgeTest -->
    <test started-at="2024-03-05T14:47:06 IST" name="chromeTest" finished-at="2024-03-05T14:49:27 IST" duration-ms="140967">
      <class name="Cucumber_Tests.testRunners">
        <test-method is-config="true" signature="setUpClass(org.testng.ITestContext)[pri:0, instance:Cucumber_Tests.testRunners@7ae0a9ec]" started-at="2024-03-05T14:47:06 IST" name="setUpClass" finished-at="2024-03-05T14:47:37 IST" duration-ms="31318" status="PASS">
          <params>
            <param index="0">
              <value>
                <![CDATA[org.testng.TestRunner@4e31b64d]]>
              </value>
            </param>
          </params>
          <reporter-output>
          </reporter-output>
        </test-method> <!-- setUpClass -->
        <test-method signature="runScenario(io.cucumber.testng.PickleWrapper,io.cucumber.testng.FeatureWrapper)[pri:0, instance:Cucumber_Tests.testRunners@7ae0a9ec]" started-at="2024-03-05T14:47:37 IST" name="runScenario" description="Runs Cucumber Scenarios" data-provider="scenarios" finished-at="2024-03-05T14:47:40 IST" duration-ms="2945" status="PASS">
          <params>
            <param index="0">
              <value>
                <![CDATA["Car Loan"]]>
              </value>
            </param>
            <param index="1">
              <value>
                <![CDATA["Emi Calculator"]]>
              </value>
            </param>
          </params>
          <reporter-output>
          </reporter-output>
        </test-method> <!-- runScenario -->
        <test-method signature="runScenario(io.cucumber.testng.PickleWrapper,io.cucumber.testng.FeatureWrapper)[pri:0, instance:Cucumber_Tests.testRunners@7ae0a9ec]" started-at="2024-03-05T14:47:40 IST" name="runScenario" description="Runs Cucumber Scenarios" data-provider="scenarios" finished-at="2024-03-05T14:48:01 IST" duration-ms="21447" status="PASS">
          <params>
            <param index="0">
              <value>
                <![CDATA["Home Loan"]]>
              </value>
            </param>
            <param index="1">
              <value>
                <![CDATA["Emi Calculator"]]>
              </value>
            </param>
          </params>
          <reporter-output>
          </reporter-output>
        </test-method> <!-- runScenario -->
        <test-method signature="runScenario(io.cucumber.testng.PickleWrapper,io.cucumber.testng.FeatureWrapper)[pri:0, instance:Cucumber_Tests.testRunners@7ae0a9ec]" started-at="2024-03-05T14:48:01 IST" name="runScenario" description="Runs Cucumber Scenarios" data-provider="scenarios" finished-at="2024-03-05T14:49:19 IST" duration-ms="77731" status="PASS">
          <params>
            <param index="0">
              <value>
                <![CDATA["Checking UI Functionality"]]>
              </value>
            </param>
            <param index="1">
              <value>
                <![CDATA["Emi Calculator"]]>
              </value>
            </param>
          </params>
          <reporter-output>
          </reporter-output>
        </test-method> <!-- runScenario -->
        <test-method is-config="true" signature="tearDownClass()[pri:0, instance:Cucumber_Tests.testRunners@7ae0a9ec]" started-at="2024-03-05T14:49:19 IST" name="tearDownClass" finished-at="2024-03-05T14:49:27 IST" duration-ms="7508" status="PASS">
          <reporter-output>
          </reporter-output>
        </test-method> <!-- tearDownClass -->
      </class> <!-- Cucumber_Tests.testRunners -->
    </test> <!-- chromeTest -->
  </suite> <!-- Suite -->
</testng-results>
